<?xml version="1.0" encoding="UTF-8"?>
<testng-results ignored="0" total="5" passed="0" failed="0" skipped="5">
  <reporter-output>
  </reporter-output>
  <suite started-at="2024-09-24T19:59:51 IST" name="Default suite" finished-at="2024-09-24T19:59:51 IST" duration-ms="154">
    <groups>
    </groups>
    <test started-at="2024-09-24T19:59:51 IST" name="Default test" finished-at="2024-09-24T19:59:51 IST" duration-ms="154">
      <class name="DemoWbShopFullProject.DemoWbShopTest">
        <test-method is-config="true" signature="OpenBrowser()[pri:0, instance:DemoWbShopFullProject.DemoWbShopTest@7e7be63f]" started-at="2024-09-24T19:59:49 IST" name="OpenBrowser" finished-at="2024-09-24T19:59:51 IST" duration-ms="2282" status="FAIL">
          <exception class="org.openqa.selenium.SessionNotCreatedException">
            <message>
              <![CDATA[session not created: This version of ChromeDriver only supports Chrome version 127
Current browser version is 129.0.6668.59 with binary path C:\Program Files (x86)\Google\Chrome\Application\chrome.exe
Build info: version: '3.141.59', revision: 'e82be7d358', time: '2018-11-14T08:25:53'
System info: host: 'LAPTOP-F0VEO623', ip: '192.168.1.6', os.name: 'Windows 10', os.arch: 'amd64', os.version: '10.0', java.version: '11.0.16'
Driver info: driver.version: ChromeDriver
remote stacktrace: GetHandleVerifier [0x00007FF776659632+30946]
(No symbol) [0x00007FF77660E3C9]
(No symbol) [0x00007FF776506FDA]
(No symbol) [0x00007FF776547341]
(No symbol) [0x00007FF776546598]
(No symbol) [0x00007FF77654148D]
(No symbol) [0x00007FF77653C4FA]
(No symbol) [0x00007FF7765878B9]
(No symbol) [0x00007FF776586F20]
(No symbol) [0x00007FF77657C813]
(No symbol) [0x00007FF77654A6E5]
(No symbol) [0x00007FF77654B021]
GetHandleVerifier [0x00007FF77678F83D+1301229]
GetHandleVerifier [0x00007FF77679BDB7+1351783]
GetHandleVerifier [0x00007FF776792A03+1313971]
GetHandleVerifier [0x00007FF77668DD06+245686]
(No symbol) [0x00007FF77661758F]
(No symbol) [0x00007FF776613804]
(No symbol) [0x00007FF776613992]
(No symbol) [0x00007FF77660A3EF]
BaseThreadInitThunk [0x00007FFBCA6F7374+20]
RtlUserThreadStart [0x00007FFBCAA1CC91+33]
]]>
            </message>
            <full-stacktrace>
              <![CDATA[org.openqa.selenium.SessionNotCreatedException: session not created: This version of ChromeDriver only supports Chrome version 127
Current browser version is 129.0.6668.59 with binary path C:\Program Files (x86)\Google\Chrome\Application\chrome.exe
Build info: version: '3.141.59', revision: 'e82be7d358', time: '2018-11-14T08:25:53'
System info: host: 'LAPTOP-F0VEO623', ip: '192.168.1.6', os.name: 'Windows 10', os.arch: 'amd64', os.version: '10.0', java.version: '11.0.16'
Driver info: driver.version: ChromeDriver
remote stacktrace: GetHandleVerifier [0x00007FF776659632+30946]
(No symbol) [0x00007FF77660E3C9]
(No symbol) [0x00007FF776506FDA]
(No symbol) [0x00007FF776547341]
(No symbol) [0x00007FF776546598]
(No symbol) [0x00007FF77654148D]
(No symbol) [0x00007FF77653C4FA]
(No symbol) [0x00007FF7765878B9]
(No symbol) [0x00007FF776586F20]
(No symbol) [0x00007FF77657C813]
(No symbol) [0x00007FF77654A6E5]
(No symbol) [0x00007FF77654B021]
GetHandleVerifier [0x00007FF77678F83D+1301229]
GetHandleVerifier [0x00007FF77679BDB7+1351783]
GetHandleVerifier [0x00007FF776792A03+1313971]
GetHandleVerifier [0x00007FF77668DD06+245686]
(No symbol) [0x00007FF77661758F]
(No symbol) [0x00007FF776613804]
(No symbol) [0x00007FF776613992]
(No symbol) [0x00007FF77660A3EF]
BaseThreadInitThunk [0x00007FFBCA6F7374+20]
RtlUserThreadStart [0x00007FFBCAA1CC91+33]

at java.base/jdk.internal.reflect.NativeConstructorAccessorImpl.newInstance0(Native Method)
at java.base/jdk.internal.reflect.NativeConstructorAccessorImpl.newInstance(NativeConstructorAccessorImpl.java:62)
at java.base/jdk.internal.reflect.DelegatingConstructorAccessorImpl.newInstance(DelegatingConstructorAccessorImpl.java:45)
at java.base/java.lang.reflect.Constructor.newInstance(Constructor.java:490)
at org.openqa.selenium.remote.W3CHandshakeResponse.lambda$errorHandler$0(W3CHandshakeResponse.java:62)
at org.openqa.selenium.remote.HandshakeResponse.lambda$getResponseFunction$0(HandshakeResponse.java:30)
at org.openqa.selenium.remote.ProtocolHandshake.lambda$createSession$0(ProtocolHandshake.java:126)
at java.base/java.util.stream.ReferencePipeline$3$1.accept(ReferencePipeline.java:195)
at java.base/java.util.Spliterators$ArraySpliterator.tryAdvance(Spliterators.java:958)
at java.base/java.util.stream.ReferencePipeline.forEachWithCancel(ReferencePipeline.java:127)
at java.base/java.util.stream.AbstractPipeline.copyIntoWithCancel(AbstractPipeline.java:502)
at java.base/java.util.stream.AbstractPipeline.copyInto(AbstractPipeline.java:488)
at java.base/java.util.stream.AbstractPipeline.wrapAndCopyInto(AbstractPipeline.java:474)
at java.base/java.util.stream.FindOps$FindOp.evaluateSequential(FindOps.java:150)
at java.base/java.util.stream.AbstractPipeline.evaluate(AbstractPipeline.java:234)
at java.base/java.util.stream.ReferencePipeline.findFirst(ReferencePipeline.java:543)
at org.openqa.selenium.remote.ProtocolHandshake.createSession(ProtocolHandshake.java:128)
at org.openqa.selenium.remote.ProtocolHandshake.createSession(ProtocolHandshake.java:74)
at org.openqa.selenium.remote.HttpCommandExecutor.execute(HttpCommandExecutor.java:136)
at org.openqa.selenium.remote.service.DriverCommandExecutor.execute(DriverCommandExecutor.java:83)
at org.openqa.selenium.remote.RemoteWebDriver.execute(RemoteWebDriver.java:552)
at org.openqa.selenium.remote.RemoteWebDriver.startSession(RemoteWebDriver.java:213)
at org.openqa.selenium.remote.RemoteWebDriver.<init>(RemoteWebDriver.java:131)
at org.openqa.selenium.chrome.ChromeDriver.<init>(ChromeDriver.java:181)
at org.openqa.selenium.chrome.ChromeDriver.<init>(ChromeDriver.java:168)
at org.openqa.selenium.chrome.ChromeDriver.<init>(ChromeDriver.java:123)
at DemoWbShopFullProject.DemoWbShopTest.OpenBrowser(DemoWbShopTest.java:27)
at java.base/jdk.internal.reflect.NativeMethodAccessorImpl.invoke0(Native Method)
at java.base/jdk.internal.reflect.NativeMethodAccessorImpl.invoke(NativeMethodAccessorImpl.java:62)
at java.base/jdk.internal.reflect.DelegatingMethodAccessorImpl.invoke(DelegatingMethodAccessorImpl.java:43)
at java.base/java.lang.reflect.Method.invoke(Method.java:566)
at org.testng.internal.MethodInvocationHelper.invokeMethod(MethodInvocationHelper.java:133)
at org.testng.internal.MethodInvocationHelper.invokeMethodConsideringTimeout(MethodInvocationHelper.java:62)
at org.testng.internal.ConfigInvoker.invokeConfigurationMethod(ConfigInvoker.java:385)
at org.testng.internal.ConfigInvoker.invokeConfigurations(ConfigInvoker.java:321)
at org.testng.SuiteRunner.privateRun(SuiteRunner.java:317)
at org.testng.SuiteRunner.run(SuiteRunner.java:276)
at org.testng.SuiteRunnerWorker.runSuite(SuiteRunnerWorker.java:53)
at org.testng.SuiteRunnerWorker.run(SuiteRunnerWorker.java:96)
at org.testng.TestNG.runSuitesSequentially(TestNG.java:1212)
at org.testng.TestNG.runSuitesLocally(TestNG.java:1134)
at org.testng.TestNG.runSuites(TestNG.java:1063)
at org.testng.TestNG.run(TestNG.java:1031)
at org.testng.remote.AbstractRemoteTestNG.run(AbstractRemoteTestNG.java:115)
at org.testng.remote.RemoteTestNG.initAndRun(RemoteTestNG.java:293)
at org.testng.remote.RemoteTestNG.main(RemoteTestNG.java:91)
]]>
            </full-stacktrace>
          </exception> <!-- org.openqa.selenium.SessionNotCreatedException -->
          <reporter-output>
          </reporter-output>
        </test-method> <!-- OpenBrowser -->
        <test-method is-config="true" signature="openURL()[pri:0, instance:DemoWbShopFullProject.DemoWbShopTest@7e7be63f]" started-at="2024-09-24T19:59:51 IST" name="openURL" finished-at="1970-01-01T05:30:00 IST" duration-ms="-1727188191587" status="SKIP">
          <reporter-output>
          </reporter-output>
        </test-method> <!-- openURL -->
        <test-method is-config="true" signature="maximizebrowser()[pri:0, instance:DemoWbShopFullProject.DemoWbShopTest@7e7be63f]" started-at="2024-09-24T19:59:51 IST" name="maximizebrowser" finished-at="1970-01-01T05:30:00 IST" duration-ms="-1727188191631" status="SKIP">
          <reporter-output>
          </reporter-output>
        </test-method> <!-- maximizebrowser -->
        <test-method is-config="true" signature="getCookies()[pri:0, instance:DemoWbShopFullProject.DemoWbShopTest@7e7be63f]" started-at="2024-09-24T19:59:51 IST" name="getCookies" finished-at="1970-01-01T05:30:00 IST" duration-ms="-1727188191654" status="SKIP">
          <reporter-output>
          </reporter-output>
        </test-method> <!-- getCookies -->
        <test-method signature="registerTest()[pri:1, instance:DemoWbShopFullProject.DemoWbShopTest@7e7be63f]" started-at="2024-09-24T19:59:51 IST" name="registerTest" finished-at="2024-09-24T19:59:51 IST" duration-ms="0" status="SKIP">
          <exception class="org.openqa.selenium.SessionNotCreatedException">
            <message>
              <![CDATA[session not created: This version of ChromeDriver only supports Chrome version 127
Current browser version is 129.0.6668.59 with binary path C:\Program Files (x86)\Google\Chrome\Application\chrome.exe
Build info: version: '3.141.59', revision: 'e82be7d358', time: '2018-11-14T08:25:53'
System info: host: 'LAPTOP-F0VEO623', ip: '192.168.1.6', os.name: 'Windows 10', os.arch: 'amd64', os.version: '10.0', java.version: '11.0.16'
Driver info: driver.version: ChromeDriver
remote stacktrace: GetHandleVerifier [0x00007FF776659632+30946]
(No symbol) [0x00007FF77660E3C9]
(No symbol) [0x00007FF776506FDA]
(No symbol) [0x00007FF776547341]
(No symbol) [0x00007FF776546598]
(No symbol) [0x00007FF77654148D]
(No symbol) [0x00007FF77653C4FA]
(No symbol) [0x00007FF7765878B9]
(No symbol) [0x00007FF776586F20]
(No symbol) [0x00007FF77657C813]
(No symbol) [0x00007FF77654A6E5]
(No symbol) [0x00007FF77654B021]
GetHandleVerifier [0x00007FF77678F83D+1301229]
GetHandleVerifier [0x00007FF77679BDB7+1351783]
GetHandleVerifier [0x00007FF776792A03+1313971]
GetHandleVerifier [0x00007FF77668DD06+245686]
(No symbol) [0x00007FF77661758F]
(No symbol) [0x00007FF776613804]
(No symbol) [0x00007FF776613992]
(No symbol) [0x00007FF77660A3EF]
BaseThreadInitThunk [0x00007FFBCA6F7374+20]
RtlUserThreadStart [0x00007FFBCAA1CC91+33]
]]>
            </message>
            <full-stacktrace>
              <![CDATA[org.openqa.selenium.SessionNotCreatedException: session not created: This version of ChromeDriver only supports Chrome version 127
Current browser version is 129.0.6668.59 with binary path C:\Program Files (x86)\Google\Chrome\Application\chrome.exe
Build info: version: '3.141.59', revision: 'e82be7d358', time: '2018-11-14T08:25:53'
System info: host: 'LAPTOP-F0VEO623', ip: '192.168.1.6', os.name: 'Windows 10', os.arch: 'amd64', os.version: '10.0', java.version: '11.0.16'
Driver info: driver.version: ChromeDriver
remote stacktrace: GetHandleVerifier [0x00007FF776659632+30946]
(No symbol) [0x00007FF77660E3C9]
(No symbol) [0x00007FF776506FDA]
(No symbol) [0x00007FF776547341]
(No symbol) [0x00007FF776546598]
(No symbol) [0x00007FF77654148D]
(No symbol) [0x00007FF77653C4FA]
(No symbol) [0x00007FF7765878B9]
(No symbol) [0x00007FF776586F20]
(No symbol) [0x00007FF77657C813]
(No symbol) [0x00007FF77654A6E5]
(No symbol) [0x00007FF77654B021]
GetHandleVerifier [0x00007FF77678F83D+1301229]
GetHandleVerifier [0x00007FF77679BDB7+1351783]
GetHandleVerifier [0x00007FF776792A03+1313971]
GetHandleVerifier [0x00007FF77668DD06+245686]
(No symbol) [0x00007FF77661758F]
(No symbol) [0x00007FF776613804]
(No symbol) [0x00007FF776613992]
(No symbol) [0x00007FF77660A3EF]
BaseThreadInitThunk [0x00007FFBCA6F7374+20]
RtlUserThreadStart [0x00007FFBCAA1CC91+33]

at java.base/jdk.internal.reflect.NativeConstructorAccessorImpl.newInstance0(Native Method)
at java.base/jdk.internal.reflect.NativeConstructorAccessorImpl.newInstance(NativeConstructorAccessorImpl.java:62)
at java.base/jdk.internal.reflect.DelegatingConstructorAccessorImpl.newInstance(DelegatingConstructorAccessorImpl.java:45)
at java.base/java.lang.reflect.Constructor.newInstance(Constructor.java:490)
at org.openqa.selenium.remote.W3CHandshakeResponse.lambda$errorHandler$0(W3CHandshakeResponse.java:62)
at org.openqa.selenium.remote.HandshakeResponse.lambda$getResponseFunction$0(HandshakeResponse.java:30)
at org.openqa.selenium.remote.ProtocolHandshake.lambda$createSession$0(ProtocolHandshake.java:126)
at java.base/java.util.stream.ReferencePipeline$3$1.accept(ReferencePipeline.java:195)
at java.base/java.util.Spliterators$ArraySpliterator.tryAdvance(Spliterators.java:958)
at java.base/java.util.stream.ReferencePipeline.forEachWithCancel(ReferencePipeline.java:127)
at java.base/java.util.stream.AbstractPipeline.copyIntoWithCancel(AbstractPipeline.java:502)
at java.base/java.util.stream.AbstractPipeline.copyInto(AbstractPipeline.java:488)
at java.base/java.util.stream.AbstractPipeline.wrapAndCopyInto(AbstractPipeline.java:474)
at java.base/java.util.stream.FindOps$FindOp.evaluateSequential(FindOps.java:150)
at java.base/java.util.stream.AbstractPipeline.evaluate(AbstractPipeline.java:234)
at java.base/java.util.stream.ReferencePipeline.findFirst(ReferencePipeline.java:543)
at org.openqa.selenium.remote.ProtocolHandshake.createSession(ProtocolHandshake.java:128)
at org.openqa.selenium.remote.ProtocolHandshake.createSession(ProtocolHandshake.java:74)
at org.openqa.selenium.remote.HttpCommandExecutor.execute(HttpCommandExecutor.java:136)
at org.openqa.selenium.remote.service.DriverCommandExecutor.execute(DriverCommandExecutor.java:83)
at org.openqa.selenium.remote.RemoteWebDriver.execute(RemoteWebDriver.java:552)
at org.openqa.selenium.remote.RemoteWebDriver.startSession(RemoteWebDriver.java:213)
at org.openqa.selenium.remote.RemoteWebDriver.<init>(RemoteWebDriver.java:131)
at org.openqa.selenium.chrome.ChromeDriver.<init>(ChromeDriver.java:181)
at org.openqa.selenium.chrome.ChromeDriver.<init>(ChromeDriver.java:168)
at org.openqa.selenium.chrome.ChromeDriver.<init>(ChromeDriver.java:123)
at DemoWbShopFullProject.DemoWbShopTest.OpenBrowser(DemoWbShopTest.java:27)
at java.base/jdk.internal.reflect.NativeMethodAccessorImpl.invoke0(Native Method)
at java.base/jdk.internal.reflect.NativeMethodAccessorImpl.invoke(NativeMethodAccessorImpl.java:62)
at java.base/jdk.internal.reflect.DelegatingMethodAccessorImpl.invoke(DelegatingMethodAccessorImpl.java:43)
at java.base/java.lang.reflect.Method.invoke(Method.java:566)
at org.testng.internal.MethodInvocationHelper.invokeMethod(MethodInvocationHelper.java:133)
at org.testng.internal.MethodInvocationHelper.invokeMethodConsideringTimeout(MethodInvocationHelper.java:62)
at org.testng.internal.ConfigInvoker.invokeConfigurationMethod(ConfigInvoker.java:385)
at org.testng.internal.ConfigInvoker.invokeConfigurations(ConfigInvoker.java:321)
at org.testng.SuiteRunner.privateRun(SuiteRunner.java:317)
at org.testng.SuiteRunner.run(SuiteRunner.java:276)
at org.testng.SuiteRunnerWorker.runSuite(SuiteRunnerWorker.java:53)
at org.testng.SuiteRunnerWorker.run(SuiteRunnerWorker.java:96)
at org.testng.TestNG.runSuitesSequentially(TestNG.java:1212)
at org.testng.TestNG.runSuitesLocally(TestNG.java:1134)
at org.testng.TestNG.runSuites(TestNG.java:1063)
at org.testng.TestNG.run(TestNG.java:1031)
at org.testng.remote.AbstractRemoteTestNG.run(AbstractRemoteTestNG.java:115)
at org.testng.remote.RemoteTestNG.initAndRun(RemoteTestNG.java:293)
at org.testng.remote.RemoteTestNG.main(RemoteTestNG.java:91)
]]>
            </full-stacktrace>
          </exception> <!-- org.openqa.selenium.SessionNotCreatedException -->
          <reporter-output>
          </reporter-output>
        </test-method> <!-- registerTest -->
        <test-method is-config="true" signature="getCookies()[pri:0, instance:DemoWbShopFullProject.DemoWbShopTest@7e7be63f]" started-at="2024-09-24T19:59:51 IST" name="getCookies" finished-at="1970-01-01T05:30:00 IST" duration-ms="-1727188191674" status="SKIP">
          <reporter-output>
          </reporter-output>
        </test-method> <!-- getCookies -->
        <test-method signature="LoginPage()[pri:2, instance:DemoWbShopFullProject.DemoWbShopTest@7e7be63f]" started-at="2024-09-24T19:59:51 IST" name="LoginPage" finished-at="2024-09-24T19:59:51 IST" duration-ms="0" status="SKIP">
          <exception class="org.openqa.selenium.SessionNotCreatedException">
            <message>
              <![CDATA[session not created: This version of ChromeDriver only supports Chrome version 127
Current browser version is 129.0.6668.59 with binary path C:\Program Files (x86)\Google\Chrome\Application\chrome.exe
Build info: version: '3.141.59', revision: 'e82be7d358', time: '2018-11-14T08:25:53'
System info: host: 'LAPTOP-F0VEO623', ip: '192.168.1.6', os.name: 'Windows 10', os.arch: 'amd64', os.version: '10.0', java.version: '11.0.16'
Driver info: driver.version: ChromeDriver
remote stacktrace: GetHandleVerifier [0x00007FF776659632+30946]
(No symbol) [0x00007FF77660E3C9]
(No symbol) [0x00007FF776506FDA]
(No symbol) [0x00007FF776547341]
(No symbol) [0x00007FF776546598]
(No symbol) [0x00007FF77654148D]
(No symbol) [0x00007FF77653C4FA]
(No symbol) [0x00007FF7765878B9]
(No symbol) [0x00007FF776586F20]
(No symbol) [0x00007FF77657C813]
(No symbol) [0x00007FF77654A6E5]
(No symbol) [0x00007FF77654B021]
GetHandleVerifier [0x00007FF77678F83D+1301229]
GetHandleVerifier [0x00007FF77679BDB7+1351783]
GetHandleVerifier [0x00007FF776792A03+1313971]
GetHandleVerifier [0x00007FF77668DD06+245686]
(No symbol) [0x00007FF77661758F]
(No symbol) [0x00007FF776613804]
(No symbol) [0x00007FF776613992]
(No symbol) [0x00007FF77660A3EF]
BaseThreadInitThunk [0x00007FFBCA6F7374+20]
RtlUserThreadStart [0x00007FFBCAA1CC91+33]
]]>
            </message>
            <full-stacktrace>
              <![CDATA[org.openqa.selenium.SessionNotCreatedException: session not created: This version of ChromeDriver only supports Chrome version 127
Current browser version is 129.0.6668.59 with binary path C:\Program Files (x86)\Google\Chrome\Application\chrome.exe
Build info: version: '3.141.59', revision: 'e82be7d358', time: '2018-11-14T08:25:53'
System info: host: 'LAPTOP-F0VEO623', ip: '192.168.1.6', os.name: 'Windows 10', os.arch: 'amd64', os.version: '10.0', java.version: '11.0.16'
Driver info: driver.version: ChromeDriver
remote stacktrace: GetHandleVerifier [0x00007FF776659632+30946]
(No symbol) [0x00007FF77660E3C9]
(No symbol) [0x00007FF776506FDA]
(No symbol) [0x00007FF776547341]
(No symbol) [0x00007FF776546598]
(No symbol) [0x00007FF77654148D]
(No symbol) [0x00007FF77653C4FA]
(No symbol) [0x00007FF7765878B9]
(No symbol) [0x00007FF776586F20]
(No symbol) [0x00007FF77657C813]
(No symbol) [0x00007FF77654A6E5]
(No symbol) [0x00007FF77654B021]
GetHandleVerifier [0x00007FF77678F83D+1301229]
GetHandleVerifier [0x00007FF77679BDB7+1351783]
GetHandleVerifier [0x00007FF776792A03+1313971]
GetHandleVerifier [0x00007FF77668DD06+245686]
(No symbol) [0x00007FF77661758F]
(No symbol) [0x00007FF776613804]
(No symbol) [0x00007FF776613992]
(No symbol) [0x00007FF77660A3EF]
BaseThreadInitThunk [0x00007FFBCA6F7374+20]
RtlUserThreadStart [0x00007FFBCAA1CC91+33]

at java.base/jdk.internal.reflect.NativeConstructorAccessorImpl.newInstance0(Native Method)
at java.base/jdk.internal.reflect.NativeConstructorAccessorImpl.newInstance(NativeConstructorAccessorImpl.java:62)
at java.base/jdk.internal.reflect.DelegatingConstructorAccessorImpl.newInstance(DelegatingConstructorAccessorImpl.java:45)
at java.base/java.lang.reflect.Constructor.newInstance(Constructor.java:490)
at org.openqa.selenium.remote.W3CHandshakeResponse.lambda$errorHandler$0(W3CHandshakeResponse.java:62)
at org.openqa.selenium.remote.HandshakeResponse.lambda$getResponseFunction$0(HandshakeResponse.java:30)
at org.openqa.selenium.remote.ProtocolHandshake.lambda$createSession$0(ProtocolHandshake.java:126)
at java.base/java.util.stream.ReferencePipeline$3$1.accept(ReferencePipeline.java:195)
at java.base/java.util.Spliterators$ArraySpliterator.tryAdvance(Spliterators.java:958)
at java.base/java.util.stream.ReferencePipeline.forEachWithCancel(ReferencePipeline.java:127)
at java.base/java.util.stream.AbstractPipeline.copyIntoWithCancel(AbstractPipeline.java:502)
at java.base/java.util.stream.AbstractPipeline.copyInto(AbstractPipeline.java:488)
at java.base/java.util.stream.AbstractPipeline.wrapAndCopyInto(AbstractPipeline.java:474)
at java.base/java.util.stream.FindOps$FindOp.evaluateSequential(FindOps.java:150)
at java.base/java.util.stream.AbstractPipeline.evaluate(AbstractPipeline.java:234)
at java.base/java.util.stream.ReferencePipeline.findFirst(ReferencePipeline.java:543)
at org.openqa.selenium.remote.ProtocolHandshake.createSession(ProtocolHandshake.java:128)
at org.openqa.selenium.remote.ProtocolHandshake.createSession(ProtocolHandshake.java:74)
at org.openqa.selenium.remote.HttpCommandExecutor.execute(HttpCommandExecutor.java:136)
at org.openqa.selenium.remote.service.DriverCommandExecutor.execute(DriverCommandExecutor.java:83)
at org.openqa.selenium.remote.RemoteWebDriver.execute(RemoteWebDriver.java:552)
at org.openqa.selenium.remote.RemoteWebDriver.startSession(RemoteWebDriver.java:213)
at org.openqa.selenium.remote.RemoteWebDriver.<init>(RemoteWebDriver.java:131)
at org.openqa.selenium.chrome.ChromeDriver.<init>(ChromeDriver.java:181)
at org.openqa.selenium.chrome.ChromeDriver.<init>(ChromeDriver.java:168)
at org.openqa.selenium.chrome.ChromeDriver.<init>(ChromeDriver.java:123)
at DemoWbShopFullProject.DemoWbShopTest.OpenBrowser(DemoWbShopTest.java:27)
at java.base/jdk.internal.reflect.NativeMethodAccessorImpl.invoke0(Native Method)
at java.base/jdk.internal.reflect.NativeMethodAccessorImpl.invoke(NativeMethodAccessorImpl.java:62)
at java.base/jdk.internal.reflect.DelegatingMethodAccessorImpl.invoke(DelegatingMethodAccessorImpl.java:43)
at java.base/java.lang.reflect.Method.invoke(Method.java:566)
at org.testng.internal.MethodInvocationHelper.invokeMethod(MethodInvocationHelper.java:133)
at org.testng.internal.MethodInvocationHelper.invokeMethodConsideringTimeout(MethodInvocationHelper.java:62)
at org.testng.internal.ConfigInvoker.invokeConfigurationMethod(ConfigInvoker.java:385)
at org.testng.internal.ConfigInvoker.invokeConfigurations(ConfigInvoker.java:321)
at org.testng.SuiteRunner.privateRun(SuiteRunner.java:317)
at org.testng.SuiteRunner.run(SuiteRunner.java:276)
at org.testng.SuiteRunnerWorker.runSuite(SuiteRunnerWorker.java:53)
at org.testng.SuiteRunnerWorker.run(SuiteRunnerWorker.java:96)
at org.testng.TestNG.runSuitesSequentially(TestNG.java:1212)
at org.testng.TestNG.runSuitesLocally(TestNG.java:1134)
at org.testng.TestNG.runSuites(TestNG.java:1063)
at org.testng.TestNG.run(TestNG.java:1031)
at org.testng.remote.AbstractRemoteTestNG.run(AbstractRemoteTestNG.java:115)
at org.testng.remote.RemoteTestNG.initAndRun(RemoteTestNG.java:293)
at org.testng.remote.RemoteTestNG.main(RemoteTestNG.java:91)
]]>
            </full-stacktrace>
          </exception> <!-- org.openqa.selenium.SessionNotCreatedException -->
          <reporter-output>
          </reporter-output>
        </test-method> <!-- LoginPage -->
        <test-method is-config="true" signature="getCookies()[pri:0, instance:DemoWbShopFullProject.DemoWbShopTest@7e7be63f]" started-at="2024-09-24T19:59:51 IST" name="getCookies" finished-at="1970-01-01T05:30:00 IST" duration-ms="-1727188191686" status="SKIP">
          <reporter-output>
          </reporter-output>
        </test-method> <!-- getCookies -->
        <test-method signature="AddtoCart()[pri:3, instance:DemoWbShopFullProject.DemoWbShopTest@7e7be63f]" started-at="2024-09-24T19:59:51 IST" name="AddtoCart" finished-at="2024-09-24T19:59:51 IST" duration-ms="0" status="SKIP">
          <exception class="org.openqa.selenium.SessionNotCreatedException">
            <message>
              <![CDATA[session not created: This version of ChromeDriver only supports Chrome version 127
Current browser version is 129.0.6668.59 with binary path C:\Program Files (x86)\Google\Chrome\Application\chrome.exe
Build info: version: '3.141.59', revision: 'e82be7d358', time: '2018-11-14T08:25:53'
System info: host: 'LAPTOP-F0VEO623', ip: '192.168.1.6', os.name: 'Windows 10', os.arch: 'amd64', os.version: '10.0', java.version: '11.0.16'
Driver info: driver.version: ChromeDriver
remote stacktrace: GetHandleVerifier [0x00007FF776659632+30946]
(No symbol) [0x00007FF77660E3C9]
(No symbol) [0x00007FF776506FDA]
(No symbol) [0x00007FF776547341]
(No symbol) [0x00007FF776546598]
(No symbol) [0x00007FF77654148D]
(No symbol) [0x00007FF77653C4FA]
(No symbol) [0x00007FF7765878B9]
(No symbol) [0x00007FF776586F20]
(No symbol) [0x00007FF77657C813]
(No symbol) [0x00007FF77654A6E5]
(No symbol) [0x00007FF77654B021]
GetHandleVerifier [0x00007FF77678F83D+1301229]
GetHandleVerifier [0x00007FF77679BDB7+1351783]
GetHandleVerifier [0x00007FF776792A03+1313971]
GetHandleVerifier [0x00007FF77668DD06+245686]
(No symbol) [0x00007FF77661758F]
(No symbol) [0x00007FF776613804]
(No symbol) [0x00007FF776613992]
(No symbol) [0x00007FF77660A3EF]
BaseThreadInitThunk [0x00007FFBCA6F7374+20]
RtlUserThreadStart [0x00007FFBCAA1CC91+33]
]]>
            </message>
            <full-stacktrace>
              <![CDATA[org.openqa.selenium.SessionNotCreatedException: session not created: This version of ChromeDriver only supports Chrome version 127
Current browser version is 129.0.6668.59 with binary path C:\Program Files (x86)\Google\Chrome\Application\chrome.exe
Build info: version: '3.141.59', revision: 'e82be7d358', time: '2018-11-14T08:25:53'
System info: host: 'LAPTOP-F0VEO623', ip: '192.168.1.6', os.name: 'Windows 10', os.arch: 'amd64', os.version: '10.0', java.version: '11.0.16'
Driver info: driver.version: ChromeDriver
remote stacktrace: GetHandleVerifier [0x00007FF776659632+30946]
(No symbol) [0x00007FF77660E3C9]
(No symbol) [0x00007FF776506FDA]
(No symbol) [0x00007FF776547341]
(No symbol) [0x00007FF776546598]
(No symbol) [0x00007FF77654148D]
(No symbol) [0x00007FF77653C4FA]
(No symbol) [0x00007FF7765878B9]
(No symbol) [0x00007FF776586F20]
(No symbol) [0x00007FF77657C813]
(No symbol) [0x00007FF77654A6E5]
(No symbol) [0x00007FF77654B021]
GetHandleVerifier [0x00007FF77678F83D+1301229]
GetHandleVerifier [0x00007FF77679BDB7+1351783]
GetHandleVerifier [0x00007FF776792A03+1313971]
GetHandleVerifier [0x00007FF77668DD06+245686]
(No symbol) [0x00007FF77661758F]
(No symbol) [0x00007FF776613804]
(No symbol) [0x00007FF776613992]
(No symbol) [0x00007FF77660A3EF]
BaseThreadInitThunk [0x00007FFBCA6F7374+20]
RtlUserThreadStart [0x00007FFBCAA1CC91+33]

at java.base/jdk.internal.reflect.NativeConstructorAccessorImpl.newInstance0(Native Method)
at java.base/jdk.internal.reflect.NativeConstructorAccessorImpl.newInstance(NativeConstructorAccessorImpl.java:62)
at java.base/jdk.internal.reflect.DelegatingConstructorAccessorImpl.newInstance(DelegatingConstructorAccessorImpl.java:45)
at java.base/java.lang.reflect.Constructor.newInstance(Constructor.java:490)
at org.openqa.selenium.remote.W3CHandshakeResponse.lambda$errorHandler$0(W3CHandshakeResponse.java:62)
at org.openqa.selenium.remote.HandshakeResponse.lambda$getResponseFunction$0(HandshakeResponse.java:30)
at org.openqa.selenium.remote.ProtocolHandshake.lambda$createSession$0(ProtocolHandshake.java:126)
at java.base/java.util.stream.ReferencePipeline$3$1.accept(ReferencePipeline.java:195)
at java.base/java.util.Spliterators$ArraySpliterator.tryAdvance(Spliterators.java:958)
at java.base/java.util.stream.ReferencePipeline.forEachWithCancel(ReferencePipeline.java:127)
at java.base/java.util.stream.AbstractPipeline.copyIntoWithCancel(AbstractPipeline.java:502)
at java.base/java.util.stream.AbstractPipeline.copyInto(AbstractPipeline.java:488)
at java.base/java.util.stream.AbstractPipeline.wrapAndCopyInto(AbstractPipeline.java:474)
at java.base/java.util.stream.FindOps$FindOp.evaluateSequential(FindOps.java:150)
at java.base/java.util.stream.AbstractPipeline.evaluate(AbstractPipeline.java:234)
at java.base/java.util.stream.ReferencePipeline.findFirst(ReferencePipeline.java:543)
at org.openqa.selenium.remote.ProtocolHandshake.createSession(ProtocolHandshake.java:128)
at org.openqa.selenium.remote.ProtocolHandshake.createSession(ProtocolHandshake.java:74)
at org.openqa.selenium.remote.HttpCommandExecutor.execute(HttpCommandExecutor.java:136)
at org.openqa.selenium.remote.service.DriverCommandExecutor.execute(DriverCommandExecutor.java:83)
at org.openqa.selenium.remote.RemoteWebDriver.execute(RemoteWebDriver.java:552)
at org.openqa.selenium.remote.RemoteWebDriver.startSession(RemoteWebDriver.java:213)
at org.openqa.selenium.remote.RemoteWebDriver.<init>(RemoteWebDriver.java:131)
at org.openqa.selenium.chrome.ChromeDriver.<init>(ChromeDriver.java:181)
at org.openqa.selenium.chrome.ChromeDriver.<init>(ChromeDriver.java:168)
at org.openqa.selenium.chrome.ChromeDriver.<init>(ChromeDriver.java:123)
at DemoWbShopFullProject.DemoWbShopTest.OpenBrowser(DemoWbShopTest.java:27)
at java.base/jdk.internal.reflect.NativeMethodAccessorImpl.invoke0(Native Method)
at java.base/jdk.internal.reflect.NativeMethodAccessorImpl.invoke(NativeMethodAccessorImpl.java:62)
at java.base/jdk.internal.reflect.DelegatingMethodAccessorImpl.invoke(DelegatingMethodAccessorImpl.java:43)
at java.base/java.lang.reflect.Method.invoke(Method.java:566)
at org.testng.internal.MethodInvocationHelper.invokeMethod(MethodInvocationHelper.java:133)
at org.testng.internal.MethodInvocationHelper.invokeMethodConsideringTimeout(MethodInvocationHelper.java:62)
at org.testng.internal.ConfigInvoker.invokeConfigurationMethod(ConfigInvoker.java:385)
at org.testng.internal.ConfigInvoker.invokeConfigurations(ConfigInvoker.java:321)
at org.testng.SuiteRunner.privateRun(SuiteRunner.java:317)
at org.testng.SuiteRunner.run(SuiteRunner.java:276)
at org.testng.SuiteRunnerWorker.runSuite(SuiteRunnerWorker.java:53)
at org.testng.SuiteRunnerWorker.run(SuiteRunnerWorker.java:96)
at org.testng.TestNG.runSuitesSequentially(TestNG.java:1212)
at org.testng.TestNG.runSuitesLocally(TestNG.java:1134)
at org.testng.TestNG.runSuites(TestNG.java:1063)
at org.testng.TestNG.run(TestNG.java:1031)
at org.testng.remote.AbstractRemoteTestNG.run(AbstractRemoteTestNG.java:115)
at org.testng.remote.RemoteTestNG.initAndRun(RemoteTestNG.java:293)
at org.testng.remote.RemoteTestNG.main(RemoteTestNG.java:91)
]]>
            </full-stacktrace>
          </exception> <!-- org.openqa.selenium.SessionNotCreatedException -->
          <reporter-output>
          </reporter-output>
        </test-method> <!-- AddtoCart -->
        <test-method is-config="true" signature="getCookies()[pri:0, instance:DemoWbShopFullProject.DemoWbShopTest@7e7be63f]" started-at="2024-09-24T19:59:51 IST" name="getCookies" finished-at="1970-01-01T05:30:00 IST" duration-ms="-1727188191699" status="SKIP">
          <reporter-output>
          </reporter-output>
        </test-method> <!-- getCookies -->
        <test-method signature="Address()[pri:4, instance:DemoWbShopFullProject.DemoWbShopTest@7e7be63f]" started-at="2024-09-24T19:59:51 IST" name="Address" finished-at="2024-09-24T19:59:51 IST" duration-ms="0" status="SKIP">
          <exception class="org.openqa.selenium.SessionNotCreatedException">
            <message>
              <![CDATA[session not created: This version of ChromeDriver only supports Chrome version 127
Current browser version is 129.0.6668.59 with binary path C:\Program Files (x86)\Google\Chrome\Application\chrome.exe
Build info: version: '3.141.59', revision: 'e82be7d358', time: '2018-11-14T08:25:53'
System info: host: 'LAPTOP-F0VEO623', ip: '192.168.1.6', os.name: 'Windows 10', os.arch: 'amd64', os.version: '10.0', java.version: '11.0.16'
Driver info: driver.version: ChromeDriver
remote stacktrace: GetHandleVerifier [0x00007FF776659632+30946]
(No symbol) [0x00007FF77660E3C9]
(No symbol) [0x00007FF776506FDA]
(No symbol) [0x00007FF776547341]
(No symbol) [0x00007FF776546598]
(No symbol) [0x00007FF77654148D]
(No symbol) [0x00007FF77653C4FA]
(No symbol) [0x00007FF7765878B9]
(No symbol) [0x00007FF776586F20]
(No symbol) [0x00007FF77657C813]
(No symbol) [0x00007FF77654A6E5]
(No symbol) [0x00007FF77654B021]
GetHandleVerifier [0x00007FF77678F83D+1301229]
GetHandleVerifier [0x00007FF77679BDB7+1351783]
GetHandleVerifier [0x00007FF776792A03+1313971]
GetHandleVerifier [0x00007FF77668DD06+245686]
(No symbol) [0x00007FF77661758F]
(No symbol) [0x00007FF776613804]
(No symbol) [0x00007FF776613992]
(No symbol) [0x00007FF77660A3EF]
BaseThreadInitThunk [0x00007FFBCA6F7374+20]
RtlUserThreadStart [0x00007FFBCAA1CC91+33]
]]>
            </message>
            <full-stacktrace>
              <![CDATA[org.openqa.selenium.SessionNotCreatedException: session not created: This version of ChromeDriver only supports Chrome version 127
Current browser version is 129.0.6668.59 with binary path C:\Program Files (x86)\Google\Chrome\Application\chrome.exe
Build info: version: '3.141.59', revision: 'e82be7d358', time: '2018-11-14T08:25:53'
System info: host: 'LAPTOP-F0VEO623', ip: '192.168.1.6', os.name: 'Windows 10', os.arch: 'amd64', os.version: '10.0', java.version: '11.0.16'
Driver info: driver.version: ChromeDriver
remote stacktrace: GetHandleVerifier [0x00007FF776659632+30946]
(No symbol) [0x00007FF77660E3C9]
(No symbol) [0x00007FF776506FDA]
(No symbol) [0x00007FF776547341]
(No symbol) [0x00007FF776546598]
(No symbol) [0x00007FF77654148D]
(No symbol) [0x00007FF77653C4FA]
(No symbol) [0x00007FF7765878B9]
(No symbol) [0x00007FF776586F20]
(No symbol) [0x00007FF77657C813]
(No symbol) [0x00007FF77654A6E5]
(No symbol) [0x00007FF77654B021]
GetHandleVerifier [0x00007FF77678F83D+1301229]
GetHandleVerifier [0x00007FF77679BDB7+1351783]
GetHandleVerifier [0x00007FF776792A03+1313971]
GetHandleVerifier [0x00007FF77668DD06+245686]
(No symbol) [0x00007FF77661758F]
(No symbol) [0x00007FF776613804]
(No symbol) [0x00007FF776613992]
(No symbol) [0x00007FF77660A3EF]
BaseThreadInitThunk [0x00007FFBCA6F7374+20]
RtlUserThreadStart [0x00007FFBCAA1CC91+33]

at java.base/jdk.internal.reflect.NativeConstructorAccessorImpl.newInstance0(Native Method)
at java.base/jdk.internal.reflect.NativeConstructorAccessorImpl.newInstance(NativeConstructorAccessorImpl.java:62)
at java.base/jdk.internal.reflect.DelegatingConstructorAccessorImpl.newInstance(DelegatingConstructorAccessorImpl.java:45)
at java.base/java.lang.reflect.Constructor.newInstance(Constructor.java:490)
at org.openqa.selenium.remote.W3CHandshakeResponse.lambda$errorHandler$0(W3CHandshakeResponse.java:62)
at org.openqa.selenium.remote.HandshakeResponse.lambda$getResponseFunction$0(HandshakeResponse.java:30)
at org.openqa.selenium.remote.ProtocolHandshake.lambda$createSession$0(ProtocolHandshake.java:126)
at java.base/java.util.stream.ReferencePipeline$3$1.accept(ReferencePipeline.java:195)
at java.base/java.util.Spliterators$ArraySpliterator.tryAdvance(Spliterators.java:958)
at java.base/java.util.stream.ReferencePipeline.forEachWithCancel(ReferencePipeline.java:127)
at java.base/java.util.stream.AbstractPipeline.copyIntoWithCancel(AbstractPipeline.java:502)
at java.base/java.util.stream.AbstractPipeline.copyInto(AbstractPipeline.java:488)
at java.base/java.util.stream.AbstractPipeline.wrapAndCopyInto(AbstractPipeline.java:474)
at java.base/java.util.stream.FindOps$FindOp.evaluateSequential(FindOps.java:150)
at java.base/java.util.stream.AbstractPipeline.evaluate(AbstractPipeline.java:234)
at java.base/java.util.stream.ReferencePipeline.findFirst(ReferencePipeline.java:543)
at org.openqa.selenium.remote.ProtocolHandshake.createSession(ProtocolHandshake.java:128)
at org.openqa.selenium.remote.ProtocolHandshake.createSession(ProtocolHandshake.java:74)
at org.openqa.selenium.remote.HttpCommandExecutor.execute(HttpCommandExecutor.java:136)
at org.openqa.selenium.remote.service.DriverCommandExecutor.execute(DriverCommandExecutor.java:83)
at org.openqa.selenium.remote.RemoteWebDriver.execute(RemoteWebDriver.java:552)
at org.openqa.selenium.remote.RemoteWebDriver.startSession(RemoteWebDriver.java:213)
at org.openqa.selenium.remote.RemoteWebDriver.<init>(RemoteWebDriver.java:131)
at org.openqa.selenium.chrome.ChromeDriver.<init>(ChromeDriver.java:181)
at org.openqa.selenium.chrome.ChromeDriver.<init>(ChromeDriver.java:168)
at org.openqa.selenium.chrome.ChromeDriver.<init>(ChromeDriver.java:123)
at DemoWbShopFullProject.DemoWbShopTest.OpenBrowser(DemoWbShopTest.java:27)
at java.base/jdk.internal.reflect.NativeMethodAccessorImpl.invoke0(Native Method)
at java.base/jdk.internal.reflect.NativeMethodAccessorImpl.invoke(NativeMethodAccessorImpl.java:62)
at java.base/jdk.internal.reflect.DelegatingMethodAccessorImpl.invoke(DelegatingMethodAccessorImpl.java:43)
at java.base/java.lang.reflect.Method.invoke(Method.java:566)
at org.testng.internal.MethodInvocationHelper.invokeMethod(MethodInvocationHelper.java:133)
at org.testng.internal.MethodInvocationHelper.invokeMethodConsideringTimeout(MethodInvocationHelper.java:62)
at org.testng.internal.ConfigInvoker.invokeConfigurationMethod(ConfigInvoker.java:385)
at org.testng.internal.ConfigInvoker.invokeConfigurations(ConfigInvoker.java:321)
at org.testng.SuiteRunner.privateRun(SuiteRunner.java:317)
at org.testng.SuiteRunner.run(SuiteRunner.java:276)
at org.testng.SuiteRunnerWorker.runSuite(SuiteRunnerWorker.java:53)
at org.testng.SuiteRunnerWorker.run(SuiteRunnerWorker.java:96)
at org.testng.TestNG.runSuitesSequentially(TestNG.java:1212)
at org.testng.TestNG.runSuitesLocally(TestNG.java:1134)
at org.testng.TestNG.runSuites(TestNG.java:1063)
at org.testng.TestNG.run(TestNG.java:1031)
at org.testng.remote.AbstractRemoteTestNG.run(AbstractRemoteTestNG.java:115)
at org.testng.remote.RemoteTestNG.initAndRun(RemoteTestNG.java:293)
at org.testng.remote.RemoteTestNG.main(RemoteTestNG.java:91)
]]>
            </full-stacktrace>
          </exception> <!-- org.openqa.selenium.SessionNotCreatedException -->
          <reporter-output>
          </reporter-output>
        </test-method> <!-- Address -->
        <test-method is-config="true" signature="getCookies()[pri:0, instance:DemoWbShopFullProject.DemoWbShopTest@7e7be63f]" started-at="2024-09-24T19:59:51 IST" name="getCookies" finished-at="1970-01-01T05:30:00 IST" duration-ms="-1727188191708" status="SKIP">
          <reporter-output>
          </reporter-output>
        </test-method> <!-- getCookies -->
        <test-method signature="continueTest()[pri:5, instance:DemoWbShopFullProject.DemoWbShopTest@7e7be63f]" started-at="2024-09-24T19:59:51 IST" name="continueTest" finished-at="2024-09-24T19:59:51 IST" duration-ms="0" status="SKIP">
          <exception class="org.openqa.selenium.SessionNotCreatedException">
            <message>
              <![CDATA[session not created: This version of ChromeDriver only supports Chrome version 127
Current browser version is 129.0.6668.59 with binary path C:\Program Files (x86)\Google\Chrome\Application\chrome.exe
Build info: version: '3.141.59', revision: 'e82be7d358', time: '2018-11-14T08:25:53'
System info: host: 'LAPTOP-F0VEO623', ip: '192.168.1.6', os.name: 'Windows 10', os.arch: 'amd64', os.version: '10.0', java.version: '11.0.16'
Driver info: driver.version: ChromeDriver
remote stacktrace: GetHandleVerifier [0x00007FF776659632+30946]
(No symbol) [0x00007FF77660E3C9]
(No symbol) [0x00007FF776506FDA]
(No symbol) [0x00007FF776547341]
(No symbol) [0x00007FF776546598]
(No symbol) [0x00007FF77654148D]
(No symbol) [0x00007FF77653C4FA]
(No symbol) [0x00007FF7765878B9]
(No symbol) [0x00007FF776586F20]
(No symbol) [0x00007FF77657C813]
(No symbol) [0x00007FF77654A6E5]
(No symbol) [0x00007FF77654B021]
GetHandleVerifier [0x00007FF77678F83D+1301229]
GetHandleVerifier [0x00007FF77679BDB7+1351783]
GetHandleVerifier [0x00007FF776792A03+1313971]
GetHandleVerifier [0x00007FF77668DD06+245686]
(No symbol) [0x00007FF77661758F]
(No symbol) [0x00007FF776613804]
(No symbol) [0x00007FF776613992]
(No symbol) [0x00007FF77660A3EF]
BaseThreadInitThunk [0x00007FFBCA6F7374+20]
RtlUserThreadStart [0x00007FFBCAA1CC91+33]
]]>
            </message>
            <full-stacktrace>
              <![CDATA[org.openqa.selenium.SessionNotCreatedException: session not created: This version of ChromeDriver only supports Chrome version 127
Current browser version is 129.0.6668.59 with binary path C:\Program Files (x86)\Google\Chrome\Application\chrome.exe
Build info: version: '3.141.59', revision: 'e82be7d358', time: '2018-11-14T08:25:53'
System info: host: 'LAPTOP-F0VEO623', ip: '192.168.1.6', os.name: 'Windows 10', os.arch: 'amd64', os.version: '10.0', java.version: '11.0.16'
Driver info: driver.version: ChromeDriver
remote stacktrace: GetHandleVerifier [0x00007FF776659632+30946]
(No symbol) [0x00007FF77660E3C9]
(No symbol) [0x00007FF776506FDA]
(No symbol) [0x00007FF776547341]
(No symbol) [0x00007FF776546598]
(No symbol) [0x00007FF77654148D]
(No symbol) [0x00007FF77653C4FA]
(No symbol) [0x00007FF7765878B9]
(No symbol) [0x00007FF776586F20]
(No symbol) [0x00007FF77657C813]
(No symbol) [0x00007FF77654A6E5]
(No symbol) [0x00007FF77654B021]
GetHandleVerifier [0x00007FF77678F83D+1301229]
GetHandleVerifier [0x00007FF77679BDB7+1351783]
GetHandleVerifier [0x00007FF776792A03+1313971]
GetHandleVerifier [0x00007FF77668DD06+245686]
(No symbol) [0x00007FF77661758F]
(No symbol) [0x00007FF776613804]
(No symbol) [0x00007FF776613992]
(No symbol) [0x00007FF77660A3EF]
BaseThreadInitThunk [0x00007FFBCA6F7374+20]
RtlUserThreadStart [0x00007FFBCAA1CC91+33]

at java.base/jdk.internal.reflect.NativeConstructorAccessorImpl.newInstance0(Native Method)
at java.base/jdk.internal.reflect.NativeConstructorAccessorImpl.newInstance(NativeConstructorAccessorImpl.java:62)
at java.base/jdk.internal.reflect.DelegatingConstructorAccessorImpl.newInstance(DelegatingConstructorAccessorImpl.java:45)
at java.base/java.lang.reflect.Constructor.newInstance(Constructor.java:490)
at org.openqa.selenium.remote.W3CHandshakeResponse.lambda$errorHandler$0(W3CHandshakeResponse.java:62)
at org.openqa.selenium.remote.HandshakeResponse.lambda$getResponseFunction$0(HandshakeResponse.java:30)
at org.openqa.selenium.remote.ProtocolHandshake.lambda$createSession$0(ProtocolHandshake.java:126)
at java.base/java.util.stream.ReferencePipeline$3$1.accept(ReferencePipeline.java:195)
at java.base/java.util.Spliterators$ArraySpliterator.tryAdvance(Spliterators.java:958)
at java.base/java.util.stream.ReferencePipeline.forEachWithCancel(ReferencePipeline.java:127)
at java.base/java.util.stream.AbstractPipeline.copyIntoWithCancel(AbstractPipeline.java:502)
at java.base/java.util.stream.AbstractPipeline.copyInto(AbstractPipeline.java:488)
at java.base/java.util.stream.AbstractPipeline.wrapAndCopyInto(AbstractPipeline.java:474)
at java.base/java.util.stream.FindOps$FindOp.evaluateSequential(FindOps.java:150)
at java.base/java.util.stream.AbstractPipeline.evaluate(AbstractPipeline.java:234)
at java.base/java.util.stream.ReferencePipeline.findFirst(ReferencePipeline.java:543)
at org.openqa.selenium.remote.ProtocolHandshake.createSession(ProtocolHandshake.java:128)
at org.openqa.selenium.remote.ProtocolHandshake.createSession(ProtocolHandshake.java:74)
at org.openqa.selenium.remote.HttpCommandExecutor.execute(HttpCommandExecutor.java:136)
at org.openqa.selenium.remote.service.DriverCommandExecutor.execute(DriverCommandExecutor.java:83)
at org.openqa.selenium.remote.RemoteWebDriver.execute(RemoteWebDriver.java:552)
at org.openqa.selenium.remote.RemoteWebDriver.startSession(RemoteWebDriver.java:213)
at org.openqa.selenium.remote.RemoteWebDriver.<init>(RemoteWebDriver.java:131)
at org.openqa.selenium.chrome.ChromeDriver.<init>(ChromeDriver.java:181)
at org.openqa.selenium.chrome.ChromeDriver.<init>(ChromeDriver.java:168)
at org.openqa.selenium.chrome.ChromeDriver.<init>(ChromeDriver.java:123)
at DemoWbShopFullProject.DemoWbShopTest.OpenBrowser(DemoWbShopTest.java:27)
at java.base/jdk.internal.reflect.NativeMethodAccessorImpl.invoke0(Native Method)
at java.base/jdk.internal.reflect.NativeMethodAccessorImpl.invoke(NativeMethodAccessorImpl.java:62)
at java.base/jdk.internal.reflect.DelegatingMethodAccessorImpl.invoke(DelegatingMethodAccessorImpl.java:43)
at java.base/java.lang.reflect.Method.invoke(Method.java:566)
at org.testng.internal.MethodInvocationHelper.invokeMethod(MethodInvocationHelper.java:133)
at org.testng.internal.MethodInvocationHelper.invokeMethodConsideringTimeout(MethodInvocationHelper.java:62)
at org.testng.internal.ConfigInvoker.invokeConfigurationMethod(ConfigInvoker.java:385)
at org.testng.internal.ConfigInvoker.invokeConfigurations(ConfigInvoker.java:321)
at org.testng.SuiteRunner.privateRun(SuiteRunner.java:317)
at org.testng.SuiteRunner.run(SuiteRunner.java:276)
at org.testng.SuiteRunnerWorker.runSuite(SuiteRunnerWorker.java:53)
at org.testng.SuiteRunnerWorker.run(SuiteRunnerWorker.java:96)
at org.testng.TestNG.runSuitesSequentially(TestNG.java:1212)
at org.testng.TestNG.runSuitesLocally(TestNG.java:1134)
at org.testng.TestNG.runSuites(TestNG.java:1063)
at org.testng.TestNG.run(TestNG.java:1031)
at org.testng.remote.AbstractRemoteTestNG.run(AbstractRemoteTestNG.java:115)
at org.testng.remote.RemoteTestNG.initAndRun(RemoteTestNG.java:293)
at org.testng.remote.RemoteTestNG.main(RemoteTestNG.java:91)
]]>
            </full-stacktrace>
          </exception> <!-- org.openqa.selenium.SessionNotCreatedException -->
          <reporter-output>
          </reporter-output>
        </test-method> <!-- continueTest -->
      </class> <!-- DemoWbShopFullProject.DemoWbShopTest -->
    </test> <!-- Default test -->
  </suite> <!-- Default suite -->
</testng-results>
