<?xml version="1.0" encoding="UTF-8"?>
<!-- Generated by org.testng.reporters.JUnitXMLReporter -->
<testsuite ignored="0" hostname="LAPTOP-F0VEO623" failures="0" tests="5" name="Default test" time="0.154" errors="0" timestamp="2024-09-24T19:59:51 IST">
  <testcase classname="DemoWbShopFullProject.DemoWbShopTest" name="@BeforeSuite OpenBrowser" time="2.282">
    <failure type="org.openqa.selenium.SessionNotCreatedException" message="session not created: This version of ChromeDriver only supports Chrome version 127
Current browser version is 129.0.6668.59 with binary path C:\Program Files (x86)\Google\Chrome\Application\chrome.exe
Build info: version: &amp;apos;3.141.59&amp;apos;, revision: &amp;apos;e82be7d358&amp;apos;, time: &amp;apos;2018-11-14T08:25:53&amp;apos;
System info: host: &amp;apos;LAPTOP-F0VEO623&amp;apos;, ip: &amp;apos;192.168.1.6&amp;apos;, os.name: &amp;apos;Windows 10&amp;apos;, os.arch: &amp;apos;amd64&amp;apos;, os.version: &amp;apos;10.0&amp;apos;, java.version: &amp;apos;11.0.16&amp;apos;
Driver info: driver.version: ChromeDriver
remote stacktrace: 	GetHandleVerifier [0x00007FF776659632+30946]
	(No symbol) [0x00007FF77660E3C9]
	(No symbol) [0x00007FF776506FDA]
	(No symbol) [0x00007FF776547341]
	(No symbol) [0x00007FF776546598]
	(No symbol) [0x00007FF77654148D]
	(No symbol) [0x00007FF77653C4FA]
	(No symbol) [0x00007FF7765878B9]
	(No symbol) [0x00007FF776586F20]
	(No symbol) [0x00007FF77657C813]
	(No symbol) [0x00007FF77654A6E5]
	(No symbol) [0x00007FF77654B021]
	GetHandleVerifier [0x00007FF77678F83D+1301229]
	GetHandleVerifier [0x00007FF77679BDB7+1351783]
	GetHandleVerifier [0x00007FF776792A03+1313971]
	GetHandleVerifier [0x00007FF77668DD06+245686]
	(No symbol) [0x00007FF77661758F]
	(No symbol) [0x00007FF776613804]
	(No symbol) [0x00007FF776613992]
	(No symbol) [0x00007FF77660A3EF]
	BaseThreadInitThunk [0x00007FFBCA6F7374+20]
	RtlUserThreadStart [0x00007FFBCAA1CC91+33]
">
      <![CDATA[org.openqa.selenium.SessionNotCreatedException: session not created: This version of ChromeDriver only supports Chrome version 127
Current browser version is 129.0.6668.59 with binary path C:\Program Files (x86)\Google\Chrome\Application\chrome.exe
Build info: version: '3.141.59', revision: 'e82be7d358', time: '2018-11-14T08:25:53'
System info: host: 'LAPTOP-F0VEO623', ip: '192.168.1.6', os.name: 'Windows 10', os.arch: 'amd64', os.version: '10.0', java.version: '11.0.16'
Driver info: driver.version: ChromeDriver
remote stacktrace: GetHandleVerifier [0x00007FF776659632+30946]
(No symbol) [0x00007FF77660E3C9]
(No symbol) [0x00007FF776506FDA]
(No symbol) [0x00007FF776547341]
(No symbol) [0x00007FF776546598]
(No symbol) [0x00007FF77654148D]
(No symbol) [0x00007FF77653C4FA]
(No symbol) [0x00007FF7765878B9]
(No symbol) [0x00007FF776586F20]
(No symbol) [0x00007FF77657C813]
(No symbol) [0x00007FF77654A6E5]
(No symbol) [0x00007FF77654B021]
GetHandleVerifier [0x00007FF77678F83D+1301229]
GetHandleVerifier [0x00007FF77679BDB7+1351783]
GetHandleVerifier [0x00007FF776792A03+1313971]
GetHandleVerifier [0x00007FF77668DD06+245686]
(No symbol) [0x00007FF77661758F]
(No symbol) [0x00007FF776613804]
(No symbol) [0x00007FF776613992]
(No symbol) [0x00007FF77660A3EF]
BaseThreadInitThunk [0x00007FFBCA6F7374+20]
RtlUserThreadStart [0x00007FFBCAA1CC91+33]

at java.base/jdk.internal.reflect.NativeConstructorAccessorImpl.newInstance0(Native Method)
at java.base/jdk.internal.reflect.NativeConstructorAccessorImpl.newInstance(NativeConstructorAccessorImpl.java:62)
at java.base/jdk.internal.reflect.DelegatingConstructorAccessorImpl.newInstance(DelegatingConstructorAccessorImpl.java:45)
at java.base/java.lang.reflect.Constructor.newInstance(Constructor.java:490)
at org.openqa.selenium.remote.W3CHandshakeResponse.lambda$errorHandler$0(W3CHandshakeResponse.java:62)
at org.openqa.selenium.remote.HandshakeResponse.lambda$getResponseFunction$0(HandshakeResponse.java:30)
at org.openqa.selenium.remote.ProtocolHandshake.lambda$createSession$0(ProtocolHandshake.java:126)
at java.base/java.util.stream.ReferencePipeline$3$1.accept(ReferencePipeline.java:195)
at java.base/java.util.Spliterators$ArraySpliterator.tryAdvance(Spliterators.java:958)
at java.base/java.util.stream.ReferencePipeline.forEachWithCancel(ReferencePipeline.java:127)
at java.base/java.util.stream.AbstractPipeline.copyIntoWithCancel(AbstractPipeline.java:502)
at java.base/java.util.stream.AbstractPipeline.copyInto(AbstractPipeline.java:488)
at java.base/java.util.stream.AbstractPipeline.wrapAndCopyInto(AbstractPipeline.java:474)
at java.base/java.util.stream.FindOps$FindOp.evaluateSequential(FindOps.java:150)
at java.base/java.util.stream.AbstractPipeline.evaluate(AbstractPipeline.java:234)
at java.base/java.util.stream.ReferencePipeline.findFirst(ReferencePipeline.java:543)
at org.openqa.selenium.remote.ProtocolHandshake.createSession(ProtocolHandshake.java:128)
at org.openqa.selenium.remote.ProtocolHandshake.createSession(ProtocolHandshake.java:74)
at org.openqa.selenium.remote.HttpCommandExecutor.execute(HttpCommandExecutor.java:136)
at org.openqa.selenium.remote.service.DriverCommandExecutor.execute(DriverCommandExecutor.java:83)
at org.openqa.selenium.remote.RemoteWebDriver.execute(RemoteWebDriver.java:552)
at org.openqa.selenium.remote.RemoteWebDriver.startSession(RemoteWebDriver.java:213)
at org.openqa.selenium.remote.RemoteWebDriver.<init>(RemoteWebDriver.java:131)
at org.openqa.selenium.chrome.ChromeDriver.<init>(ChromeDriver.java:181)
at org.openqa.selenium.chrome.ChromeDriver.<init>(ChromeDriver.java:168)
at org.openqa.selenium.chrome.ChromeDriver.<init>(ChromeDriver.java:123)
at DemoWbShopFullProject.DemoWbShopTest.OpenBrowser(DemoWbShopTest.java:27)
at java.base/jdk.internal.reflect.NativeMethodAccessorImpl.invoke0(Native Method)
at java.base/jdk.internal.reflect.NativeMethodAccessorImpl.invoke(NativeMethodAccessorImpl.java:62)
at java.base/jdk.internal.reflect.DelegatingMethodAccessorImpl.invoke(DelegatingMethodAccessorImpl.java:43)
at java.base/java.lang.reflect.Method.invoke(Method.java:566)
at org.testng.internal.MethodInvocationHelper.invokeMethod(MethodInvocationHelper.java:133)
at org.testng.internal.MethodInvocationHelper.invokeMethodConsideringTimeout(MethodInvocationHelper.java:62)
at org.testng.internal.ConfigInvoker.invokeConfigurationMethod(ConfigInvoker.java:385)
at org.testng.internal.ConfigInvoker.invokeConfigurations(ConfigInvoker.java:321)
at org.testng.SuiteRunner.privateRun(SuiteRunner.java:317)
at org.testng.SuiteRunner.run(SuiteRunner.java:276)
at org.testng.SuiteRunnerWorker.runSuite(SuiteRunnerWorker.java:53)
at org.testng.SuiteRunnerWorker.run(SuiteRunnerWorker.java:96)
at org.testng.TestNG.runSuitesSequentially(TestNG.java:1212)
at org.testng.TestNG.runSuitesLocally(TestNG.java:1134)
at org.testng.TestNG.runSuites(TestNG.java:1063)
at org.testng.TestNG.run(TestNG.java:1031)
at org.testng.remote.AbstractRemoteTestNG.run(AbstractRemoteTestNG.java:115)
at org.testng.remote.RemoteTestNG.initAndRun(RemoteTestNG.java:293)
at org.testng.remote.RemoteTestNG.main(RemoteTestNG.java:91)
]]>
    </failure>
  </testcase> <!-- @BeforeSuite OpenBrowser -->
  <testcase classname="DemoWbShopFullProject.DemoWbShopTest" name="@BeforeTest openURL" time="-1.727188191587E9">
    <skipped/>
  </testcase> <!-- @BeforeTest openURL -->
  <testcase classname="DemoWbShopFullProject.DemoWbShopTest" name="@BeforeClass maximizebrowser" time="-1.727188191631E9">
    <skipped/>
  </testcase> <!-- @BeforeClass maximizebrowser -->
  <testcase classname="DemoWbShopFullProject.DemoWbShopTest" name="@BeforeMethod getCookies" time="-1.727188191654E9">
    <skipped/>
  </testcase> <!-- @BeforeMethod getCookies -->
  <testcase classname="DemoWbShopFullProject.DemoWbShopTest" name="@BeforeMethod getCookies" time="-1.727188191674E9">
    <skipped/>
  </testcase> <!-- @BeforeMethod getCookies -->
  <testcase classname="DemoWbShopFullProject.DemoWbShopTest" name="@BeforeMethod getCookies" time="-1.727188191686E9">
    <skipped/>
  </testcase> <!-- @BeforeMethod getCookies -->
  <testcase classname="DemoWbShopFullProject.DemoWbShopTest" name="@BeforeMethod getCookies" time="-1.727188191699E9">
    <skipped/>
  </testcase> <!-- @BeforeMethod getCookies -->
  <testcase classname="DemoWbShopFullProject.DemoWbShopTest" name="@BeforeMethod getCookies" time="-1.727188191708E9">
    <skipped/>
  </testcase> <!-- @BeforeMethod getCookies -->
  <testcase classname="DemoWbShopFullProject.DemoWbShopTest" name="registerTest" time="0.0">
    <skipped/>
  </testcase> <!-- registerTest -->
  <testcase classname="DemoWbShopFullProject.DemoWbShopTest" name="LoginPage" time="0.0">
    <skipped/>
  </testcase> <!-- LoginPage -->
  <testcase classname="DemoWbShopFullProject.DemoWbShopTest" name="AddtoCart" time="0.0">
    <skipped/>
  </testcase> <!-- AddtoCart -->
  <testcase classname="DemoWbShopFullProject.DemoWbShopTest" name="Address" time="0.0">
    <skipped/>
  </testcase> <!-- Address -->
  <testcase classname="DemoWbShopFullProject.DemoWbShopTest" name="continueTest" time="0.0">
    <skipped/>
  </testcase> <!-- continueTest -->
</testsuite> <!-- Default test -->
